<?xml version="1.0" encoding="UTF-8"?>
<testsuite xmlns:xsi="http://www.w3.org/2001/XMLSchema-instance" xsi:noNamespaceSchemaLocation="https://maven.apache.org/surefire/maven-surefire-plugin/xsd/surefire-test-report.xsd" name="org.niki.AppTest" time="0.154" tests="2" errors="0" skipped="0" failures="0">
  <properties>
[...]
</properties>
  <testcase name="serdo_should_return_the_same_class" classname="org.niki.AppTest" time="0.025"/>
  <testcase name="method_should_restore_cyclic_dependencies" classname="org.niki.AppTest" time="0.002"/>
</testsuite>